<?xml version="1.0" encoding="UTF-8"?>
<testsuites>
  <testsuite name="fastlane.lanes">
    
    
    
      
      <testcase classname="fastlane.lanes" name="00: default_platform" time="0.006607">
        
      </testcase>
    
      
      <testcase classname="fastlane.lanes" name="01: default_platform" time="0.001102">
        
      </testcase>
    
      
      <testcase classname="fastlane.lanes" name="02: import_from_git" time="0.154151">
        
      </testcase>
    
      
      <testcase classname="fastlane.lanes" name="03: git_pull" time="0.111762">
        
      </testcase>
    
      
      <testcase classname="fastlane.lanes" name="04: ensure_git_branch" time="0.008702">
        
      </testcase>
    
      
      <testcase classname="fastlane.lanes" name="05: version_bump_podspec" time="0.002387">
        
      </testcase>
    
      
      <testcase classname="fastlane.lanes" name="06: cocoapods" time="37.646764">
        
      </testcase>
    
      
      <testcase classname="fastlane.lanes" name="07: git_add" time="0.102872">
        
      </testcase>
    
      
      <testcase classname="fastlane.lanes" name="08: git_commit" time="0.039706">
        
      </testcase>
    
      
      <testcase classname="fastlane.lanes" name="09: push_to_git_remote" time="1.8387">
        
      </testcase>
    
      
      <testcase classname="fastlane.lanes" name="10: git_tag_exists" time="0.011121">
        
      </testcase>
    
      
      <testcase classname="fastlane.lanes" name="11: remove_git_tag" time="1.640853">
        
      </testcase>
    
      
      <testcase classname="fastlane.lanes" name="12: add_git_tag" time="0.017573">
        
      </testcase>
    
      
      <testcase classname="fastlane.lanes" name="13: push_git_tags" time="1.958419">
        
      </testcase>
    
      
      <testcase classname="fastlane.lanes" name="14: pod_lib_lint" time="103.35138">
        
          <failure message="/Users/liunian/.rvm/gems/ruby-2.6.3/gems/fastlane-2.144.0/fastlane/lib/fastlane/actions/actions_helper.rb:48:in `execute_action'&#10;/Users/liunian/.rvm/gems/ruby-2.6.3/gems/fastlane-2.144.0/fastlane/lib/fastlane/runner.rb:253:in `block in execute_action'&#10;/Users/liunian/.rvm/gems/ruby-2.6.3/gems/fastlane-2.144.0/fastlane/lib/fastlane/runner.rb:227:in `chdir'&#10;/Users/liunian/.rvm/gems/ruby-2.6.3/gems/fastlane-2.144.0/fastlane/lib/fastlane/runner.rb:227:in `execute_action'&#10;/Users/liunian/.rvm/gems/ruby-2.6.3/gems/fastlane-2.144.0/fastlane/lib/fastlane/runner.rb:157:in `trigger_action_by_name'&#10;/Users/liunian/.rvm/gems/ruby-2.6.3/gems/fastlane-2.144.0/fastlane/lib/fastlane/fast_file.rb:159:in `method_missing'&#10;../../../../../../var/folders/df/g9gl52n96z5bz8r9pzq8b3mm0000gn/T/fl_clone20200408-82587-hjm9sv/FastlaneStandardSetup.git/Fastfile:92:in `block (2 levels) in parsing_binding'&#10;/Users/liunian/.rvm/gems/ruby-2.6.3/gems/fastlane-2.144.0/fastlane/lib/fastlane/lane.rb:33:in `call'&#10;/Users/liunian/.rvm/gems/ruby-2.6.3/gems/fastlane-2.144.0/fastlane/lib/fastlane/runner.rb:49:in `block in execute'&#10;/Users/liunian/.rvm/gems/ruby-2.6.3/gems/fastlane-2.144.0/fastlane/lib/fastlane/runner.rb:45:in `chdir'&#10;/Users/liunian/.rvm/gems/ruby-2.6.3/gems/fastlane-2.144.0/fastlane/lib/fastlane/runner.rb:45:in `execute'&#10;/Users/liunian/.rvm/gems/ruby-2.6.3/gems/fastlane-2.144.0/fastlane/lib/fastlane/lane_manager.rb:56:in `cruise_lane'&#10;/Users/liunian/.rvm/gems/ruby-2.6.3/gems/fastlane-2.144.0/fastlane/lib/fastlane/command_line_handler.rb:36:in `handle'&#10;/Users/liunian/.rvm/gems/ruby-2.6.3/gems/fastlane-2.144.0/fastlane/lib/fastlane/commands_generator.rb:108:in `block (2 levels) in run'&#10;/Users/liunian/.rvm/gems/ruby-2.6.3/gems/commander-fastlane-4.4.6/lib/commander/command.rb:178:in `call'&#10;/Users/liunian/.rvm/gems/ruby-2.6.3/gems/commander-fastlane-4.4.6/lib/commander/command.rb:153:in `run'&#10;/Users/liunian/.rvm/gems/ruby-2.6.3/gems/commander-fastlane-4.4.6/lib/commander/runner.rb:476:in `run_active_command'&#10;/Users/liunian/.rvm/gems/ruby-2.6.3/gems/fastlane-2.144.0/fastlane_core/lib/fastlane_core/ui/fastlane_runner.rb:76:in `run!'&#10;/Users/liunian/.rvm/gems/ruby-2.6.3/gems/commander-fastlane-4.4.6/lib/commander/delegates.rb:15:in `run!'&#10;/Users/liunian/.rvm/gems/ruby-2.6.3/gems/fastlane-2.144.0/fastlane/lib/fastlane/commands_generator.rb:349:in `run'&#10;/Users/liunian/.rvm/gems/ruby-2.6.3/gems/fastlane-2.144.0/fastlane/lib/fastlane/commands_generator.rb:41:in `start'&#10;/Users/liunian/.rvm/gems/ruby-2.6.3/gems/fastlane-2.144.0/fastlane/lib/fastlane/cli_tools_distributor.rb:119:in `take_off'&#10;/Users/liunian/.rvm/gems/ruby-2.6.3/gems/fastlane-2.144.0/bin/fastlane:23:in `&lt;top (required)&gt;'&#10;/Users/liunian/.rvm/gems/ruby-2.6.3/bin/fastlane:23:in `load'&#10;/Users/liunian/.rvm/gems/ruby-2.6.3/bin/fastlane:23:in `&lt;main&gt;'&#10;&#10;Exit status of command 'bundle exec pod lib lint --allow-warnings --sources='https://github.com/CocoaPods/Specs.git,https://github.com/liunina/NLSpecs.git,http://nas.iliunian.com:82/GiHoo/GiHooSpecs.git'' was 1 instead of 0.&#10;&#10; -&gt; TUKit -&gt; TUKit (0.1.5)&#10;    - WARN  | summary: The summary is not meaningful.&#10;    - WARN  | [iOS] file patterns: The `public_header_files` pattern did not match any file.&#10;    - NOTE  | [TUKit/Macro, TUKit/Color, TUKit/Font, and more...] xcodebuild:  note: Using new build system&#10;    - NOTE  | [TUKit/Macro, TUKit/Color, TUKit/Font, and more...] xcodebuild:  note: Building targets in parallel&#10;    - NOTE  | [TUKit/Macro, TUKit/Color, TUKit/Font, and more...] xcodebuild:  note: Planning build&#10;    - NOTE  | [TUKit/Macro, TUKit/Color, TUKit/Font, and more...] xcodebuild:  note: Constructing build description&#10;    - NOTE  | [TUKit/Macro, TUKit/Color, TUKit/Font, and more...] xcodebuild:  warning: Skipping code signing because the target does not have an Info.plist file and one is not being generated automatically. (in target 'App' from project 'App')&#10;    - NOTE  | [TUKit/View, TUKit/ViewController, TUKit/Alert, and more...] xcodebuild:  note: Execution policy exception registration failed and was skipped: Error Domain=NSPOSIXErrorDomain Code=1 &quot;Operation not permitted&quot; (in target 'TUKit-TUView' from project 'Pods')&#10;    - NOTE  | [TUKit/ImageView] xcodebuild:  note: Execution policy exception registration failed and was skipped: Error Domain=NSPOSIXErrorDomain Code=1 &quot;Operation not permitted&quot; (in target 'SDWebImage' from project 'Pods')&#10;    - NOTE  | [TUKit/View, TUKit/TableView, TUKit/CollectionView, and more...] xcodebuild:  note: Execution policy exception registration failed and was skipped: Error Domain=NSPOSIXErrorDomain Code=1 &quot;Operation not permitted&quot; (in target 'Masonry' from project 'Pods')&#10;    - NOTE  | [TUKit/View, TUKit/ViewController, TUKit/Alert, and more...] xcodebuild:  note: Execution policy exception registration failed and was skipped: Error Domain=NSPOSIXErrorDomain Code=1 &quot;Operation not permitted&quot; (in target 'MBProgressHUD' from project 'Pods')&#10;    - NOTE  | [TUKit/Color, TUKit/Font, TUKit/Image, and more...] xcodebuild:  note: Execution policy exception registration failed and was skipped: Error Domain=NSPOSIXErrorDomain Code=1 &quot;Operation not permitted&quot; (in target 'TUKit' from project 'Pods')&#10;    - NOTE  | [TUKit/Macro, TUKit/Color, TUKit/Font, and more...] xcodebuild:  note: Execution policy exception registration failed and was skipped: Error Domain=NSPOSIXErrorDomain Code=1 &quot;Operation not permitted&quot; (in target 'Pods-App' from project 'Pods')&#10;    - NOTE  | [TUKit/Macro, TUKit/Color, TUKit/Font, and more...] xcodebuild:  note: Execution policy exception registration failed and was skipped: Error Domain=NSPOSIXErrorDomain Code=1 &quot;Operation not permitted&quot; (in target 'App' from project 'App')&#10;    - ERROR | [iOS] [TUKit/ImageView] xcodebuild: Returned an unsuccessful exit code. You can use `--verbose` for more information.&#10;    - ERROR | [TUKit/ImageView] xcodebuild:  /Users/liunian/WorkUnit/T11/tukit/TUKit/ImageView/UIImageView+TWebCache.m:22:10: error: property implementation must have its declaration in the category 'TWebCache'&#10;&#10;[!] TUKit did not pass validation, due to 2 errors.&#10;You can use the `--no-clean` option to inspect any issue.&#10;" />
        
      </testcase>
    
  </testsuite>
</testsuites>
